0 info it worked if it ends with ok
1 verbose cli [ 'E:\\node\\node.exe',
1 verbose cli   'E:\\node\\node_modules\\npm\\bin\\npm-cli.js',
1 verbose cli   'run',
1 verbose cli   'start' ]
2 info using npm@3.10.10
3 info using node@v6.11.0
4 verbose run-script [ 'prestart', 'start', 'poststart' ]
5 info lifecycle glados@1.0.0~prestart: glados@1.0.0
6 silly lifecycle glados@1.0.0~prestart: no script for prestart, continuing
7 info lifecycle glados@1.0.0~start: glados@1.0.0
8 verbose lifecycle glados@1.0.0~start: unsafe-perm in lifecycle true
9 verbose lifecycle glados@1.0.0~start: PATH: E:\node\node_modules\npm\bin\node-gyp-bin;F:\workdemo\glados\node_modules\.bin;E:\python\Scripts\;E:\python\;C:\ProgramData\Oracle\Java\javapath;C:\Program Files\Java\jdk1.8.0_131\bin;C:\Program Files (x86)\Intel\iCLS Client\;C:\Program Files\Intel\iCLS Client\;C:\Windows\system32;C:\Windows;C:\Windows\System32\Wbem;C:\Windows\System32\WindowsPowerShell\v1.0\;C:\Program Files (x86)\Intel\Intel(R) Management Engine Components\DAL;C:\Program Files\Intel\Intel(R) Management Engine Components\DAL;C:\Program Files (x86)\Intel\Intel(R) Management Engine Components\IPT;C:\Program Files\Intel\Intel(R) Management Engine Components\IPT;E:\Git\Git\cmd;E:\node\;E:\apache-maven-3.5.0\bin;C:\Program Files\Java\jdk1.8.0_131\bin;E:\ant\apache-ant-1.10.1/bin; E:\ant\apache-ant-1.10.1/lib;E:\mysql\bin;C:\Program Files (x86)\Windows Kits\8.1\Windows Performance Toolkit\;E:\ming-gw\bin;E:\groovy-2.4.4\bin;E:\sbt\bin;E:\Ruby24-x64\bin;C:\Users\DT322\AppData\Roaming\npm;C:\Program Files (x86)\Microsoft VS Code\bin;E:\ming-gw\bin
10 verbose lifecycle glados@1.0.0~start: CWD: F:\workdemo\glados
11 silly lifecycle glados@1.0.0~start: Args: [ '/d /s /c', 'better-npm-run  start' ]
12 silly lifecycle glados@1.0.0~start: Returned: code: 1  signal: null
13 info lifecycle glados@1.0.0~start: Failed to exec start script
14 verbose stack Error: glados@1.0.0 start: `better-npm-run  start`
14 verbose stack Exit status 1
14 verbose stack     at EventEmitter.<anonymous> (E:\node\node_modules\npm\lib\utils\lifecycle.js:255:16)
14 verbose stack     at emitTwo (events.js:106:13)
14 verbose stack     at EventEmitter.emit (events.js:191:7)
14 verbose stack     at ChildProcess.<anonymous> (E:\node\node_modules\npm\lib\utils\spawn.js:40:14)
14 verbose stack     at emitTwo (events.js:106:13)
14 verbose stack     at ChildProcess.emit (events.js:191:7)
14 verbose stack     at maybeClose (internal/child_process.js:891:16)
14 verbose stack     at Process.ChildProcess._handle.onexit (internal/child_process.js:226:5)
15 verbose pkgid glados@1.0.0
16 verbose cwd F:\workdemo\glados
17 error Windows_NT 6.1.7601
18 error argv "E:\\node\\node.exe" "E:\\node\\node_modules\\npm\\bin\\npm-cli.js" "run" "start"
19 error node v6.11.0
20 error npm  v3.10.10
21 error code ELIFECYCLE
22 error glados@1.0.0 start: `better-npm-run  start`
22 error Exit status 1
23 error Failed at the glados@1.0.0 start script 'better-npm-run  start'.
23 error Make sure you have the latest version of node.js and npm installed.
23 error If you do, this is most likely a problem with the glados package,
23 error not with npm itself.
23 error Tell the author that this fails on your system:
23 error     better-npm-run  start
23 error You can get information on how to open an issue for this project with:
23 error     npm bugs glados
23 error Or if that isn't available, you can get their info via:
23 error     npm owner ls glados
23 error There is likely additional logging output above.
24 verbose exit [ 1, true ]
